<?xml version="1.0" encoding="UTF-8"?>
<!-- Generated by org.testng.reporters.JUnitXMLReporter -->
<testsuite ignored="0" hostname="Silver_knight" failures="0" tests="5" name="Default test" time="50.811" errors="0" timestamp="2024-06-24T20:15:30 IST">
  <testcase classname="org.gsit.Qkart.Qkat_project" name="testClass1" time="0.166"/>
  <testcase classname="org.gsit.Qkart.Qkat_project" name="testClass2" time="0.044"/>
  <testcase classname="org.gsit.Qkart.Qkat_project" name="testClass3" time="0.051"/>
  <testcase classname="org.gsit.Qkart.Qkat_project" name="testClass4" time="1.83"/>
  <testcase classname="org.gsit.Qkart.Qkat_project" name="testClass5" time="44.553"/>
</testsuite> <!-- Default test -->
